mode: set
github.com/hairglasses-studio/systemd-mcp/context.go:14.47,14.75 1 1
github.com/hairglasses-studio/systemd-mcp/context.go:15.54,17.2 1 1
github.com/hairglasses-studio/systemd-mcp/context.go:19.76,28.96 1 1
github.com/hairglasses-studio/systemd-mcp/context.go:28.96,36.5 1 1
github.com/hairglasses-studio/systemd-mcp/context.go:43.76,43.90 1 1
github.com/hairglasses-studio/systemd-mcp/context.go:47.45,47.73 1 1
github.com/hairglasses-studio/systemd-mcp/context.go:48.52,50.2 1 1
github.com/hairglasses-studio/systemd-mcp/context.go:52.68,61.93 1 1
github.com/hairglasses-studio/systemd-mcp/context.go:61.93,64.20 3 1
github.com/hairglasses-studio/systemd-mcp/context.go:64.20,66.6 1 1
github.com/hairglasses-studio/systemd-mcp/context.go:67.5,75.11 1 1
github.com/hairglasses-studio/systemd-mcp/context.go:83.65,87.2 3 1
github.com/hairglasses-studio/systemd-mcp/context.go:89.59,93.2 3 1
github.com/hairglasses-studio/systemd-mcp/dbus.go:20.56,23.12 3 0
github.com/hairglasses-studio/systemd-mcp/dbus.go:23.12,25.3 1 0
github.com/hairglasses-studio/systemd-mcp/dbus.go:25.8,27.3 1 0
github.com/hairglasses-studio/systemd-mcp/dbus.go:28.2,28.16 1 0
github.com/hairglasses-studio/systemd-mcp/dbus.go:28.16,30.3 1 0
github.com/hairglasses-studio/systemd-mcp/dbus.go:31.2,31.56 1 0
github.com/hairglasses-studio/systemd-mcp/dbus.go:35.37,36.19 1 0
github.com/hairglasses-studio/systemd-mcp/dbus.go:36.19,38.3 1 0
github.com/hairglasses-studio/systemd-mcp/dbus.go:39.2,39.12 1 0
github.com/hairglasses-studio/systemd-mcp/dbus.go:43.48,45.2 1 0
github.com/hairglasses-studio/systemd-mcp/dbus.go:48.58,51.16 3 0
github.com/hairglasses-studio/systemd-mcp/dbus.go:51.16,53.3 1 0
github.com/hairglasses-studio/systemd-mcp/dbus.go:54.2,54.12 1 0
github.com/hairglasses-studio/systemd-mcp/dbus.go:58.57,61.16 3 0
github.com/hairglasses-studio/systemd-mcp/dbus.go:61.16,63.3 1 0
github.com/hairglasses-studio/systemd-mcp/dbus.go:64.2,64.12 1 0
github.com/hairglasses-studio/systemd-mcp/dbus.go:68.60,71.16 3 0
github.com/hairglasses-studio/systemd-mcp/dbus.go:71.16,73.3 1 0
github.com/hairglasses-studio/systemd-mcp/dbus.go:74.2,74.12 1 0
github.com/hairglasses-studio/systemd-mcp/dbus.go:78.53,87.16 4 0
github.com/hairglasses-studio/systemd-mcp/dbus.go:87.16,89.3 1 0
github.com/hairglasses-studio/systemd-mcp/dbus.go:91.2,91.27 1 0
github.com/hairglasses-studio/systemd-mcp/dbus.go:95.54,102.16 3 0
github.com/hairglasses-studio/systemd-mcp/dbus.go:102.16,104.3 1 0
github.com/hairglasses-studio/systemd-mcp/dbus.go:105.2,105.27 1 0
github.com/hairglasses-studio/systemd-mcp/dbus.go:109.51,111.2 1 0
github.com/hairglasses-studio/systemd-mcp/dbus.go:129.71,133.16 3 0
github.com/hairglasses-studio/systemd-mcp/dbus.go:133.16,136.18 2 0
github.com/hairglasses-studio/systemd-mcp/dbus.go:136.18,138.4 1 0
github.com/hairglasses-studio/systemd-mcp/dbus.go:141.2,145.60 4 0
github.com/hairglasses-studio/systemd-mcp/dbus.go:145.60,147.17 2 0
github.com/hairglasses-studio/systemd-mcp/dbus.go:147.17,149.4 1 0
github.com/hairglasses-studio/systemd-mcp/dbus.go:150.3,150.16 1 0
github.com/hairglasses-studio/systemd-mcp/dbus.go:153.2,153.44 1 0
github.com/hairglasses-studio/systemd-mcp/dbus.go:153.44,155.17 2 0
github.com/hairglasses-studio/systemd-mcp/dbus.go:155.17,157.4 1 0
github.com/hairglasses-studio/systemd-mcp/dbus.go:158.3,159.10 2 0
github.com/hairglasses-studio/systemd-mcp/dbus.go:159.10,161.4 1 0
github.com/hairglasses-studio/systemd-mcp/dbus.go:162.3,162.11 1 0
github.com/hairglasses-studio/systemd-mcp/dbus.go:165.2,165.52 1 0
github.com/hairglasses-studio/systemd-mcp/dbus.go:165.52,167.17 2 0
github.com/hairglasses-studio/systemd-mcp/dbus.go:167.17,169.4 1 0
github.com/hairglasses-studio/systemd-mcp/dbus.go:170.3,170.34 1 0
github.com/hairglasses-studio/systemd-mcp/dbus.go:171.15,172.25 1 0
github.com/hairglasses-studio/systemd-mcp/dbus.go:172.25,174.5 1 0
github.com/hairglasses-studio/systemd-mcp/dbus.go:175.4,175.20 1 0
github.com/hairglasses-studio/systemd-mcp/dbus.go:176.11,177.19 1 0
github.com/hairglasses-studio/systemd-mcp/dbus.go:181.2,181.44 1 0
github.com/hairglasses-studio/systemd-mcp/dbus.go:181.44,183.17 2 0
github.com/hairglasses-studio/systemd-mcp/dbus.go:183.17,185.4 1 0
github.com/hairglasses-studio/systemd-mcp/dbus.go:186.3,187.10 2 0
github.com/hairglasses-studio/systemd-mcp/dbus.go:187.10,189.4 1 0
github.com/hairglasses-studio/systemd-mcp/dbus.go:190.3,190.13 1 0
github.com/hairglasses-studio/systemd-mcp/dbus.go:193.2,202.8 3 0
github.com/hairglasses-studio/systemd-mcp/dbus.go:202.8,204.3 1 0
github.com/hairglasses-studio/systemd-mcp/dbus.go:207.2,215.16 8 0
github.com/hairglasses-studio/systemd-mcp/dbus.go:229.55,245.16 4 0
github.com/hairglasses-studio/systemd-mcp/dbus.go:245.16,247.3 1 0
github.com/hairglasses-studio/systemd-mcp/dbus.go:249.2,250.24 2 0
github.com/hairglasses-studio/systemd-mcp/dbus.go:250.24,259.3 1 0
github.com/hairglasses-studio/systemd-mcp/dbus.go:260.2,260.19 1 0
github.com/hairglasses-studio/systemd-mcp/dbus.go:264.78,280.16 4 0
github.com/hairglasses-studio/systemd-mcp/dbus.go:280.16,282.3 1 0
github.com/hairglasses-studio/systemd-mcp/dbus.go:284.2,285.24 2 0
github.com/hairglasses-studio/systemd-mcp/dbus.go:285.24,294.3 1 0
github.com/hairglasses-studio/systemd-mcp/dbus.go:295.2,295.19 1 0
github.com/hairglasses-studio/systemd-mcp/dbus.go:307.57,312.16 2 0
github.com/hairglasses-studio/systemd-mcp/dbus.go:312.16,314.3 1 0
github.com/hairglasses-studio/systemd-mcp/dbus.go:316.2,317.26 2 0
github.com/hairglasses-studio/systemd-mcp/dbus.go:317.26,318.43 1 0
github.com/hairglasses-studio/systemd-mcp/dbus.go:318.43,319.12 1 0
github.com/hairglasses-studio/systemd-mcp/dbus.go:321.3,321.32 1 0
github.com/hairglasses-studio/systemd-mcp/dbus.go:321.32,322.12 1 0
github.com/hairglasses-studio/systemd-mcp/dbus.go:324.3,330.114 3 0
github.com/hairglasses-studio/systemd-mcp/dbus.go:330.114,334.90 3 0
github.com/hairglasses-studio/systemd-mcp/dbus.go:334.90,335.55 1 0
github.com/hairglasses-studio/systemd-mcp/dbus.go:335.55,337.6 1 0
github.com/hairglasses-studio/systemd-mcp/dbus.go:339.4,339.83 1 0
github.com/hairglasses-studio/systemd-mcp/dbus.go:339.83,340.55 1 0
github.com/hairglasses-studio/systemd-mcp/dbus.go:340.55,342.6 1 0
github.com/hairglasses-studio/systemd-mcp/dbus.go:347.3,348.30 2 0
github.com/hairglasses-studio/systemd-mcp/dbus.go:351.2,351.20 1 0
github.com/hairglasses-studio/systemd-mcp/dbus.go:355.60,357.2 1 0
github.com/hairglasses-studio/systemd-mcp/dbus.go:370.17,373.2 2 0
github.com/hairglasses-studio/systemd-mcp/dbus.go:377.40,378.12 1 1
github.com/hairglasses-studio/systemd-mcp/dbus.go:378.12,380.3 1 1
github.com/hairglasses-studio/systemd-mcp/dbus.go:381.2,381.20 1 1
github.com/hairglasses-studio/systemd-mcp/dbus.go:390.67,400.33 2 1
github.com/hairglasses-studio/systemd-mcp/dbus.go:400.33,402.3 1 1
github.com/hairglasses-studio/systemd-mcp/dbus.go:403.2,403.25 1 1
github.com/hairglasses-studio/systemd-mcp/dbus.go:403.25,405.3 1 1
github.com/hairglasses-studio/systemd-mcp/dbus.go:406.2,406.24 1 1
github.com/hairglasses-studio/systemd-mcp/dbus.go:406.24,408.3 1 1
github.com/hairglasses-studio/systemd-mcp/dbus.go:409.2,409.12 1 1
github.com/hairglasses-studio/systemd-mcp/dbus.go:413.61,415.16 2 1
github.com/hairglasses-studio/systemd-mcp/dbus.go:415.16,417.3 1 0
github.com/hairglasses-studio/systemd-mcp/dbus.go:418.2,418.32 1 1
github.com/hairglasses-studio/systemd-mcp/dbus.go:422.64,423.19 1 1
github.com/hairglasses-studio/systemd-mcp/dbus.go:423.19,425.3 1 1
github.com/hairglasses-studio/systemd-mcp/dbus.go:426.2,427.16 2 1
github.com/hairglasses-studio/systemd-mcp/dbus.go:427.16,429.3 1 0
github.com/hairglasses-studio/systemd-mcp/dbus.go:430.2,430.32 1 1
github.com/hairglasses-studio/systemd-mcp/main.go:28.66,35.2 6 1
github.com/hairglasses-studio/systemd-mcp/main.go:37.62,39.10 2 1
github.com/hairglasses-studio/systemd-mcp/main.go:39.10,41.3 1 1
github.com/hairglasses-studio/systemd-mcp/main.go:42.2,44.16 3 1
github.com/hairglasses-studio/systemd-mcp/main.go:44.16,46.3 1 1
github.com/hairglasses-studio/systemd-mcp/main.go:47.2,47.20 1 1
github.com/hairglasses-studio/systemd-mcp/main.go:50.63,52.10 2 1
github.com/hairglasses-studio/systemd-mcp/main.go:52.10,54.3 1 1
github.com/hairglasses-studio/systemd-mcp/main.go:54.8,56.3 1 1
github.com/hairglasses-studio/systemd-mcp/main.go:57.2,59.16 3 1
github.com/hairglasses-studio/systemd-mcp/main.go:59.16,61.3 1 0
github.com/hairglasses-studio/systemd-mcp/main.go:62.2,62.20 1 1
github.com/hairglasses-studio/systemd-mcp/main.go:205.74,206.42 1 1
github.com/hairglasses-studio/systemd-mcp/main.go:206.42,207.50 1 1
github.com/hairglasses-studio/systemd-mcp/main.go:207.50,210.4 1 1
github.com/hairglasses-studio/systemd-mcp/main.go:212.2,212.12 1 1
github.com/hairglasses-studio/systemd-mcp/main.go:221.46,221.66 1 1
github.com/hairglasses-studio/systemd-mcp/main.go:222.46,222.95 1 0
github.com/hairglasses-studio/systemd-mcp/main.go:224.59,230.68 1 1
github.com/hairglasses-studio/systemd-mcp/main.go:230.68,232.48 1 1
github.com/hairglasses-studio/systemd-mcp/main.go:232.48,234.19 2 0
github.com/hairglasses-studio/systemd-mcp/main.go:234.19,235.37 1 0
github.com/hairglasses-studio/systemd-mcp/main.go:235.37,238.7 2 0
github.com/hairglasses-studio/systemd-mcp/main.go:239.6,239.52 1 0
github.com/hairglasses-studio/systemd-mcp/main.go:245.4,250.18 3 1
github.com/hairglasses-studio/systemd-mcp/main.go:250.18,252.5 1 0
github.com/hairglasses-studio/systemd-mcp/main.go:254.4,255.50 2 1
github.com/hairglasses-studio/systemd-mcp/main.go:255.50,257.24 2 1
github.com/hairglasses-studio/systemd-mcp/main.go:257.24,258.14 1 0
github.com/hairglasses-studio/systemd-mcp/main.go:260.5,261.16 2 1
github.com/hairglasses-studio/systemd-mcp/main.go:262.24,263.30 1 1
github.com/hairglasses-studio/systemd-mcp/main.go:264.21,265.27 1 1
github.com/hairglasses-studio/systemd-mcp/main.go:266.24,267.30 1 1
github.com/hairglasses-studio/systemd-mcp/main.go:268.22,269.28 1 1
github.com/hairglasses-studio/systemd-mcp/main.go:270.25,271.31 1 1
github.com/hairglasses-studio/systemd-mcp/main.go:272.33,273.39 1 1
github.com/hairglasses-studio/systemd-mcp/main.go:274.20,275.43 1 1
github.com/hairglasses-studio/systemd-mcp/main.go:276.26,277.28 1 1
github.com/hairglasses-studio/systemd-mcp/main.go:277.28,279.7 1 1
github.com/hairglasses-studio/systemd-mcp/main.go:280.25,281.28 1 1
github.com/hairglasses-studio/systemd-mcp/main.go:281.28,283.7 1 1
github.com/hairglasses-studio/systemd-mcp/main.go:287.4,287.39 1 1
github.com/hairglasses-studio/systemd-mcp/main.go:287.39,289.5 1 1
github.com/hairglasses-studio/systemd-mcp/main.go:291.4,291.22 1 1
github.com/hairglasses-studio/systemd-mcp/main.go:295.2,298.74 1 1
github.com/hairglasses-studio/systemd-mcp/main.go:298.74,300.48 1 1
github.com/hairglasses-studio/systemd-mcp/main.go:300.48,303.26 3 0
github.com/hairglasses-studio/systemd-mcp/main.go:303.26,305.6 1 0
github.com/hairglasses-studio/systemd-mcp/main.go:305.11,307.6 1 0
github.com/hairglasses-studio/systemd-mcp/main.go:308.5,308.19 1 0
github.com/hairglasses-studio/systemd-mcp/main.go:308.19,310.21 2 0
github.com/hairglasses-studio/systemd-mcp/main.go:310.21,312.7 1 0
github.com/hairglasses-studio/systemd-mcp/main.go:318.4,320.25 3 1
github.com/hairglasses-studio/systemd-mcp/main.go:320.25,322.5 1 1
github.com/hairglasses-studio/systemd-mcp/main.go:323.4,324.18 2 1
github.com/hairglasses-studio/systemd-mcp/main.go:324.18,326.5 1 0
github.com/hairglasses-studio/systemd-mcp/main.go:327.4,329.10 1 1
github.com/hairglasses-studio/systemd-mcp/main.go:333.2,336.76 1 1
github.com/hairglasses-studio/systemd-mcp/main.go:336.76,338.48 1 1
github.com/hairglasses-studio/systemd-mcp/main.go:338.48,340.19 2 0
github.com/hairglasses-studio/systemd-mcp/main.go:340.19,342.21 2 0
github.com/hairglasses-studio/systemd-mcp/main.go:342.21,344.7 1 0
github.com/hairglasses-studio/systemd-mcp/main.go:350.4,352.18 3 1
github.com/hairglasses-studio/systemd-mcp/main.go:352.18,354.5 1 0
github.com/hairglasses-studio/systemd-mcp/main.go:355.4,357.10 1 1
github.com/hairglasses-studio/systemd-mcp/main.go:361.2,364.64 1 1
github.com/hairglasses-studio/systemd-mcp/main.go:364.64,367.18 3 1
github.com/hairglasses-studio/systemd-mcp/main.go:367.18,369.5 1 1
github.com/hairglasses-studio/systemd-mcp/main.go:371.4,372.25 2 1
github.com/hairglasses-studio/systemd-mcp/main.go:372.25,374.5 1 1
github.com/hairglasses-studio/systemd-mcp/main.go:375.4,378.18 3 1
github.com/hairglasses-studio/systemd-mcp/main.go:378.18,380.5 1 0
github.com/hairglasses-studio/systemd-mcp/main.go:381.4,385.10 1 1
github.com/hairglasses-studio/systemd-mcp/main.go:388.2,394.68 3 1
github.com/hairglasses-studio/systemd-mcp/main.go:394.68,396.48 1 1
github.com/hairglasses-studio/systemd-mcp/main.go:396.48,398.19 2 0
github.com/hairglasses-studio/systemd-mcp/main.go:398.19,400.21 2 0
github.com/hairglasses-studio/systemd-mcp/main.go:400.21,402.7 1 0
github.com/hairglasses-studio/systemd-mcp/main.go:408.4,410.18 3 1
github.com/hairglasses-studio/systemd-mcp/main.go:410.18,412.5 1 0
github.com/hairglasses-studio/systemd-mcp/main.go:413.4,415.10 1 1
github.com/hairglasses-studio/systemd-mcp/main.go:421.2,424.66 1 1
github.com/hairglasses-studio/systemd-mcp/main.go:424.66,426.48 1 1
github.com/hairglasses-studio/systemd-mcp/main.go:426.48,427.64 1 0
github.com/hairglasses-studio/systemd-mcp/main.go:427.64,432.6 1 0
github.com/hairglasses-studio/systemd-mcp/main.go:437.4,439.18 3 1
github.com/hairglasses-studio/systemd-mcp/main.go:439.18,441.5 1 1
github.com/hairglasses-studio/systemd-mcp/main.go:442.4,445.10 1 0
github.com/hairglasses-studio/systemd-mcp/main.go:448.2,454.70 3 1
github.com/hairglasses-studio/systemd-mcp/main.go:454.70,456.48 1 1
github.com/hairglasses-studio/systemd-mcp/main.go:456.48,457.66 1 0
github.com/hairglasses-studio/systemd-mcp/main.go:457.66,462.6 1 0
github.com/hairglasses-studio/systemd-mcp/main.go:467.4,469.18 3 1
github.com/hairglasses-studio/systemd-mcp/main.go:469.18,471.5 1 1
github.com/hairglasses-studio/systemd-mcp/main.go:472.4,475.10 1 0
github.com/hairglasses-studio/systemd-mcp/main.go:478.2,484.68 3 1
github.com/hairglasses-studio/systemd-mcp/main.go:484.68,486.48 1 1
github.com/hairglasses-studio/systemd-mcp/main.go:486.48,487.54 1 0
github.com/hairglasses-studio/systemd-mcp/main.go:487.54,492.6 1 0
github.com/hairglasses-studio/systemd-mcp/main.go:497.4,499.18 3 1
github.com/hairglasses-studio/systemd-mcp/main.go:499.18,501.5 1 1
github.com/hairglasses-studio/systemd-mcp/main.go:502.4,505.10 1 0
github.com/hairglasses-studio/systemd-mcp/main.go:508.2,516.64 3 1
github.com/hairglasses-studio/systemd-mcp/main.go:516.64,517.82 1 1
github.com/hairglasses-studio/systemd-mcp/main.go:517.82,519.5 1 1
github.com/hairglasses-studio/systemd-mcp/main.go:522.4,522.48 1 1
github.com/hairglasses-studio/systemd-mcp/main.go:522.48,523.63 1 0
github.com/hairglasses-studio/systemd-mcp/main.go:523.63,528.6 1 0
github.com/hairglasses-studio/systemd-mcp/main.go:533.4,535.18 3 1
github.com/hairglasses-studio/systemd-mcp/main.go:535.18,537.5 1 1
github.com/hairglasses-studio/systemd-mcp/main.go:538.4,541.10 1 0
github.com/hairglasses-studio/systemd-mcp/main.go:544.2,550.70 3 1
github.com/hairglasses-studio/systemd-mcp/main.go:550.70,551.83 1 1
github.com/hairglasses-studio/systemd-mcp/main.go:551.83,553.5 1 1
github.com/hairglasses-studio/systemd-mcp/main.go:556.4,556.48 1 0
github.com/hairglasses-studio/systemd-mcp/main.go:556.48,557.55 1 0
github.com/hairglasses-studio/systemd-mcp/main.go:557.55,562.6 1 0
github.com/hairglasses-studio/systemd-mcp/main.go:567.4,569.18 3 0
github.com/hairglasses-studio/systemd-mcp/main.go:569.18,571.5 1 0
github.com/hairglasses-studio/systemd-mcp/main.go:572.4,575.10 1 0
github.com/hairglasses-studio/systemd-mcp/main.go:578.2,592.3 3 1
github.com/hairglasses-studio/systemd-mcp/main.go:599.13,619.46 9 0
github.com/hairglasses-studio/systemd-mcp/main.go:619.46,622.3 2 0
